app/build/outputs/logs/manifest-merger-debug-report.txt
-- Merging decision tree log ---
manifest
ADDED from src\main\AndroidManifest.xml:2:1-63:12
	package
		ADDED from src\main\AndroidManifest.xml:3:5-26
		INJECTED from src\main\AndroidManifest.xml
		INJECTED from src\main\AndroidManifest.xml
	android:versionName
		INJECTED from src\main\AndroidManifest.xml
		INJECTED from src\main\AndroidManifest.xml
	xmlns:android
		ADDED from src\main\AndroidManifest.xml:2:11-69
	android:versionCode
		INJECTED from src\main\AndroidManifest.xml
		INJECTED from src\main\AndroidManifest.xml
uses-permission#android.permission.READ_EXTERNAL_STORAGE
ADDED from src\main\AndroidManifest.xml:5:5-80
	android:name
		ADDED from src\main\AndroidManifest.xml:5:22-77
uses-permission#android.permission.WRITE_EXTERNAL_STORAGE
ADDED from src\main\AndroidManifest.xml:6:5-81
	android:name
		ADDED from src\main\AndroidManifest.xml:6:22-78
uses-permission#android.permission.READ_PHONE_STATE
ADDED from src\main\AndroidManifest.xml:7:5-75
	android:name
		ADDED from src\main\AndroidManifest.xml:7:22-72
uses-permission#android.permission.WRITE_SETTINGS
ADDED from src\main\AndroidManifest.xml:8:5-73
	android:name
		ADDED from src\main\AndroidManifest.xml:8:22-70
application
ADDED from src\main\AndroidManifest.xml:10:5-61:19
	android:label
		ADDED from src\main\AndroidManifest.xml:13:9-41
	android:supportsRtl
		ADDED from src\main\AndroidManifest.xml:14:9-35
	android:allowBackup
		ADDED from src\main\AndroidManifest.xml:11:9-35
	android:icon
		ADDED from src\main\AndroidManifest.xml:12:9-49
	android:theme
		ADDED from src\main\AndroidManifest.xml:15:9-40
receiver#com.ct.tool.CtCommonReceiver
ADDED from src\main\AndroidManifest.xml:17:9-21:20
	android:name
		ADDED from src\main\AndroidManifest.xml:17:19-51
intent-filter#android.intent.action.LOCALE_CHANGED
ADDED from src\main\AndroidManifest.xml:18:13-20:29
action#android.intent.action.LOCALE_CHANGED
ADDED from src\main\AndroidManifest.xml:19:17-79
	android:name
		ADDED from src\main\AndroidManifest.xml:19:25-76
activity#com.ct.tool.base.CtActivity
ADDED from src\main\AndroidManifest.xml:23:9-32:20
	android:label
		ADDED from src\main\AndroidManifest.xml:25:13-56
	android:name
		ADDED from src\main\AndroidManifest.xml:24:13-44
intent-filter#android.intent.category.DEFAULT
ADDED from src\main\AndroidManifest.xml:26:13-28:29
category#android.intent.category.DEFAULT
ADDED from src\main\AndroidManifest.xml:27:17-76
	android:name
		ADDED from src\main\AndroidManifest.xml:27:27-73
meta-data#com.ct.tool.FRAGMENT
ADDED from src\main\AndroidManifest.xml:29:13-31:61
	android:resource
		ADDED from src\main\AndroidManifest.xml:31:17-58
	android:name
		ADDED from src\main\AndroidManifest.xml:30:17-52
activity-alias#com.ct.tool.CtToolActivity
ADDED from src\main\AndroidManifest.xml:34:9-45:26
	android:label
		ADDED from src\main\AndroidManifest.xml:36:13-45
	android:targetActivity
		ADDED from src\main\AndroidManifest.xml:37:13-54
	android:name
		ADDED from src\main\AndroidManifest.xml:35:13-42
intent-filter#android.intent.action.MAIN+android.intent.category.LAUNCHER
ADDED from src\main\AndroidManifest.xml:38:13-41:29
action#android.intent.action.MAIN
ADDED from src\main\AndroidManifest.xml:39:17-69
	android:name
		ADDED from src\main\AndroidManifest.xml:39:25-66
category#android.intent.category.LAUNCHER
ADDED from src\main\AndroidManifest.xml:40:17-77
	android:name
		ADDED from src\main\AndroidManifest.xml:40:27-74
meta-data#com.ct.tool.HEADER
ADDED from src\main\AndroidManifest.xml:42:13-44:56
	android:resource
		ADDED from src\main\AndroidManifest.xml:44:17-53
	android:name
		ADDED from src\main\AndroidManifest.xml:43:17-50
activity-alias#com.ct.tool.AppInfoActivity
ADDED from src\main\AndroidManifest.xml:47:9-58:26
	android:label
		ADDED from src\main\AndroidManifest.xml:49:13-69
	android:targetActivity
		ADDED from src\main\AndroidManifest.xml:50:13-54
	android:name
		ADDED from src\main\AndroidManifest.xml:48:13-43
intent-filter#android.intent.category.DEFAULT+ct.tool.action.APP_INFO
ADDED from src\main\AndroidManifest.xml:51:13-54:29
action#ct.tool.action.APP_INFO
ADDED from src\main\AndroidManifest.xml:52:17-66
	android:name
		ADDED from src\main\AndroidManifest.xml:52:25-63
uses-sdk
INJECTED from src\main\AndroidManifest.xml reason: use-sdk injection requested
	android:targetSdkVersion
		INJECTED from src\main\AndroidManifest.xml
		INJECTED from src\main\AndroidManifest.xml
	android:minSdkVersion
		INJECTED from src\main\AndroidManifest.xml
		INJECTED from src\main\AndroidManifest.xml